<component name="libraryTable">
  <library name="junit.platform.runner" type="repository">
    <properties maven-id="org.junit.platform:junit-platform-runner:1.0.0-M6" />
    <CLASSES>
      <root url="jar://$MAVEN_REPOSITORY$/org/junit/platform/junit-platform-runner/1.0.0-M6/junit-platform-runner-1.0.0-M6.jar!/" />
      <root url="jar://$MAVEN_REPOSITORY$/org/junit/platform/junit-platform-launcher/1.0.0-M6/junit-platform-launcher-1.0.0-M6.jar!/" />
      <root url="jar://$MAVEN_REPOSITORY$/org/junit/platform/junit-platform-engine/1.0.0-M6/junit-platform-engine-1.0.0-M6.jar!/" />
      <root url="jar://$MAVEN_REPOSITORY$/org/opentest4j/opentest4j/1.0.0-M3/opentest4j-1.0.0-M3.jar!/" />
      <root url="jar://$MAVEN_REPOSITORY$/org/junit/platform/junit-platform-suite-api/1.0.0-M6/junit-platform-suite-api-1.0.0-M6.jar!/" />
      <root url="jar://$MAVEN_REPOSITORY$/org/junit/platform/junit-platform-commons/1.0.0-M6/junit-platform-commons-1.0.0-M6.jar!/" />
      <root url="jar://$MAVEN_REPOSITORY$/junit/junit/4.12/junit-4.12.jar!/" />
      <root url="jar://$MAVEN_REPOSITORY$/org/hamcrest/hamcrest-core/1.3/hamcrest-core-1.3.jar!/" />
    </CLASSES>
    <JAVADOC />
    <SOURCES />
  </library>
</component>